Microsoft (R) Visual C# Compiler version 4.7.2556.0
for C# 5
Copyright (C) Microsoft Corporation. All rights reserved.

This compiler is provided as part of the Microsoft (R) .NET Framework, but only supports language versions up to C# 5, which is no longer the latest version. For compilers that support newer versions of the C# programming language, see http://go.microsoft.com/fwlink/?LinkID=533240

src\Model\AIHardPlayer.cs(13,18): warning CS0660: 'Battleship.Location' defines operator == or operator != but does not override Object.Equals(object o)
src\Model\AIHardPlayer.cs(13,18): warning CS0661: 'Battleship.Location' defines operator == or operator != but does not override Object.GetHashCode()
src\DeploymentController.cs(55,43): error CS0117: 'SwinGameSDK.KeyCode' does not contain a definition for 'EscapeKey'
src\DeploymentController.cs(57,17): error CS0103: The name 'AddNewState' does not exist in the current context
src\DeploymentController.cs(60,44): error CS0117: 'SwinGameSDK.KeyCode' does not contain a definition for 'UpKey'
src\DeploymentController.cs(60,80): error CS0117: 'SwinGameSDK.KeyCode' does not contain a definition for 'DownKey'
src\DeploymentController.cs(62,17): error CS0120: An object reference is required for the non-static field, method, or property 'Battleship.DeploymentController._currentDirection'
src\DeploymentController.cs(41,27): (Location of symbol related to previous error)
src\DeploymentController.cs(65,44): error CS0117: 'SwinGameSDK.KeyCode' does not contain a definition for 'LeftKey'
src\DeploymentController.cs(65,82): error CS0117: 'SwinGameSDK.KeyCode' does not contain a definition for 'RightKey'
src\DeploymentController.cs(67,17): error CS0120: An object reference is required for the non-static field, method, or property 'Battleship.DeploymentController._currentDirection'
src\DeploymentController.cs(41,27): (Location of symbol related to previous error)
src\DeploymentController.cs(70,43): error CS0117: 'SwinGameSDK.KeyCode' does not contain a definition for 'RKey'
src\DeploymentController.cs(72,17): error CS0103: The name 'HumanPlayer' does not exist in the current context
src\DeploymentController.cs(81,21): error CS0120: An object reference is required for the non-static field, method, or property 'Battleship.DeploymentController._selectedShip'
src\DeploymentController.cs(43,26): (Location of symbol related to previous error)
src\DeploymentController.cs(88,22): error CS0103: The name 'HumanPlayer' does not exist in the current context
src\DeploymentController.cs(88,51): error CS0103: The name 'IsMouseInRectangle' does not exist in the current context
src\DeploymentController.cs(90,21): error CS0103: The name 'EndDeployment' does not exist in the current context
src\DeploymentController.cs(92,26): error CS0103: The name 'IsMouseInRectangle' does not exist in the current context
src\DeploymentController.cs(94,21): error CS0120: An object reference is required for the non-static field, method, or property 'Battleship.DeploymentController._currentDirection'
src\DeploymentController.cs(41,27): (Location of symbol related to previous error)
src\DeploymentController.cs(96,26): error CS0103: The name 'IsMouseInRectangle' does not exist in the current context
src\DeploymentController.cs(98,21): error CS0120: An object reference is required for the non-static field, method, or property 'Battleship.DeploymentController._currentDirection'
src\DeploymentController.cs(41,27): (Location of symbol related to previous error)
src\DeploymentController.cs(100,26): error CS0103: The name 'IsMouseInRectangle' does not exist in the current context
src\DeploymentController.cs(102,21): error CS0103: The name 'HumanPlayer' does not exist in the current context
src\DeploymentController.cs(124,19): error CS0103: The name 'Convert' does not exist in the current context
src\DeploymentController.cs(124,35): error CS0103: The name 'Math' does not exist in the current context
src\DeploymentController.cs(125,36): error CS0103: The name 'CELL_HEIGHT' does not exist in the current context
src\DeploymentController.cs(125,50): error CS0103: The name 'CELL_GAP' does not exist in the current context
src\DeploymentController.cs(126,19): error CS0103: The name 'Convert' does not exist in the current context
src\DeploymentController.cs(126,35): error CS0103: The name 'Math' does not exist in the current context
src\DeploymentController.cs(126,58): error CS0103: The name 'FIELD_LEFT' does not exist in the current context
src\DeploymentController.cs(127,36): error CS0103: The name 'CELL_WIDTH' does not exist in the current context
src\DeploymentController.cs(127,49): error CS0103: The name 'CELL_GAP' does not exist in the current context
src\DeploymentController.cs(129,35): error CS0103: The name 'HumanPlayer' does not exist in the current context
src\DeploymentController.cs(132,39): error CS0103: The name 'HumanPlayer' does not exist in the current context
src\DeploymentController.cs(137,25): error CS0103: The name 'HumanPlayer' does not exist in the current context
src\DeploymentController.cs(137,67): error CS0120: An object reference is required for the non-static field, method, or property 'Battleship.DeploymentController._selectedShip'
src\DeploymentController.cs(43,26): (Location of symbol related to previous error)
src\DeploymentController.cs(137,82): error CS0120: An object reference is required for the non-static field, method, or property 'Battleship.DeploymentController._currentDirection'
src\DeploymentController.cs(41,27): (Location of symbol related to previous error)
src\DeploymentController.cs(139,28): error CS0246: The type or namespace name 'Exception' could not be found (are you missing a using directive or an assembly reference?)
src\DeploymentController.cs(141,47): error CS0103: The name 'GameSound' does not exist in the current context
src\DeploymentController.cs(142,25): error CS0103: The name 'Message' does not exist in the current context
src\DeploymentController.cs(157,13): error CS0103: The name 'DrawField' does not exist in the current context
src\DeploymentController.cs(157,23): error CS0103: The name 'HumanPlayer' does not exist in the current context
src\DeploymentController.cs(157,47): error CS0103: The name 'HumanPlayer' does not exist in the current context
src\DeploymentController.cs(159,18): error CS0120: An object reference is required for the non-static field, method, or property 'Battleship.DeploymentController._currentDirection'
src\DeploymentController.cs(41,27): (Location of symbol related to previous error)
src\DeploymentController.cs(161,37): error CS0103: The name 'GameImage' does not exist in the current context
src\DeploymentController.cs(167,37): error CS0103: The name 'GameImage' does not exist in the current context
src\DeploymentController.cs(173,37): error CS0103: The name 'Enum' does not exist in the current context
src\DeploymentController.cs(194,17): error CS0103: The name 'HumanPlayer' does not exist in the current context
src\DeploymentController.cs(196,37): error CS0103: The name 'GameImage' does not exist in the current context
src\DeploymentController.cs(201,33): error CS0103: The name 'GameImage' does not exist in the current context
src\DeploymentController.cs(202,13): error CS0103: The name 'DrawMessage' does not exist in the current context
src\DeploymentController.cs(211,37): error CS0103: The name 'Enum' does not exist in the current context
src\DiscoveryController.cs(19,43): error CS0117: 'SwinGameSDK.KeyCode' does not contain a definition for 'VK_ESCAPE'
src\DiscoveryController.cs(21,17): error CS0103: The name 'AddNewState' does not exist in the current context
src\DiscoveryController.cs(41,19): error CS0103: The name 'Convert' does not exist in the current context
src\DiscoveryController.cs(41,35): error CS0103: The name 'Math' does not exist in the current context
src\DiscoveryController.cs(41,58): error CS0103: The name 'FIELD_TOP' does not exist in the current context
src\DiscoveryController.cs(42,36): error CS0103: The name 'CELL_HEIGHT' does not exist in the current context
src\DiscoveryController.cs(42,50): error CS0103: The name 'CELL_GAP' does not exist in the current context
src\DiscoveryController.cs(43,19): error CS0103: The name 'Convert' does not exist in the current context
src\DiscoveryController.cs(43,35): error CS0103: The name 'Math' does not exist in the current context
src\DiscoveryController.cs(43,58): error CS0103: The name 'FIELD_LEFT' does not exist in the current context
src\DiscoveryController.cs(44,36): error CS0103: The name 'CELL_WIDTH' does not exist in the current context
src\DiscoveryController.cs(44,49): error CS0103: The name 'CELL_GAP' does not exist in the current context
src\DiscoveryController.cs(46,35): error CS0103: The name 'HumanPlayer' does not exist in the current context
src\DiscoveryController.cs(49,39): error CS0103: The name 'HumanPlayer' does not exist in the current context
src\DiscoveryController.cs(51,21): error CS0103: The name 'Attack' does not exist in the current context
src\DiscoveryController.cs(67,44): error CS0117: 'SwinGameSDK.KeyCode' does not contain a definition for 'VK_LSHIFT'
src\DiscoveryController.cs(67,83): error CS0117: 'SwinGameSDK.KeyCode' does not contain a definition for 'VK_RSHIFT'
src\DiscoveryController.cs(68,53): error CS0117: 'SwinGameSDK.KeyCode' does not contain a definition for 'VK_C'
src\DiscoveryController.cs(70,17): error CS0103: The name 'DrawField' does not exist in the current context
src\DiscoveryController.cs(70,27): error CS0103: The name 'HumanPlayer' does not exist in the current context
src\DiscoveryController.cs(70,50): error CS0103: The name 'ComputerPlayer' does not exist in the current context
src\DiscoveryController.cs(74,17): error CS0103: The name 'DrawField' does not exist in the current context
src\DiscoveryController.cs(74,27): error CS0103: The name 'HumanPlayer' does not exist in the current context
src\DiscoveryController.cs(74,50): error CS0103: The name 'ComputerPlayer' does not exist in the current context
src\DiscoveryController.cs(77,13): error CS0103: The name 'DrawSmallField' does not exist in the current context
src\DiscoveryController.cs(77,28): error CS0103: The name 'HumanPlayer' does not exist in the current context
src\DiscoveryController.cs(77,52): error CS0103: The name 'HumanPlayer' does not exist in the current context
src\DiscoveryController.cs(78,13): error CS0103: The name 'DrawMessage' does not exist in the current context
src\DiscoveryController.cs(79,31): error CS0103: The name 'HumanPlayer' does not exist in the current context
src\DiscoveryController.cs(79,74): error CS0103: The name 'GameFont' does not exist in the current context
src\DiscoveryController.cs(80,31): error CS0103: The name 'HumanPlayer' does not exist in the current context
src\DiscoveryController.cs(80,73): error CS0103: The name 'GameFont' does not exist in the current context
src\DiscoveryController.cs(81,31): error CS0103: The name 'HumanPlayer' does not exist in the current context
src\DiscoveryController.cs(81,75): error CS0103: The name 'GameFont' does not exist in the current context
src\EndingGameController.cs(19,40): error CS0120: An object reference is required for the non-static field, method, or property 'Battleship.GameController.ComputerPlayer.get'
src\GameController.cs(49,13): (Location of symbol related to previous error)
src\EndingGameController.cs(19,82): error CS0120: An object reference is required for the non-static field, method, or property 'Battleship.GameController.ComputerPlayer.get'
src\GameController.cs(49,13): (Location of symbol related to previous error)
src\EndingGameController.cs(20,45): error CS0120: An object reference is required for the non-static field, method, or property 'Battleship.GameController.HumanPlayer.get'
src\GameController.cs(41,13): (Location of symbol related to previous error)
src\EndingGameController.cs(20,84): error CS0120: An object reference is required for the non-static field, method, or property 'Battleship.GameController.HumanPlayer.get'
src\GameController.cs(41,13): (Location of symbol related to previous error)
src\EndingGameController.cs(25,17): error CS0120: An object reference is required for the non-static field, method, or property 'Battleship.GameController.HumanPlayer.get'
src\GameController.cs(41,13): (Location of symbol related to previous error)
src\EndingGameController.cs(44,55): error CS0117: 'SwinGameSDK.KeyCode' does not contain a definition for 'VK_RETURN'
src\EndingGameController.cs(44,95): error CS0117: 'SwinGameSDK.KeyCode' does not contain a definition for 'VK_ESCAPE'
src\EndingGameController.cs(46,17): error CS0103: The name 'ReadHighScore' does not exist in the current context
src\EndingGameController.cs(46,31): error CS0120: An object reference is required for the non-static field, method, or property 'Battleship.GameController.HumanPlayer.get'
src\GameController.cs(41,13): (Location of symbol related to previous error)
src\EndingGameController.cs(47,17): error CS0103: The name 'EndCurrentState' does not exist in the current context
src\GameController.cs(71,17): error CS0120: An object reference is required for the non-static field, method, or property 'Battleship.GameController._theGame'
src\GameController.cs(15,33): (Location of symbol related to previous error)
src\GameController.cs(73,17): error CS0201: Only assignment, call, increment, decrement, await, and new object expressions can be used as a statement
src\GameController.cs(73,17): error CS0103: The name 'IsNot' does not exist in the current context
src\GameController.cs(74,17): error CS0201: Only assignment, call, increment, decrement, await, and new object expressions can be used as a statement
src\GameController.cs(77,17): error CS0120: An object reference is required for the non-static field, method, or property 'Battleship.GameController._theGame'
src\GameController.cs(15,33): (Location of symbol related to previous error)
src\GameController.cs(79,25): error CS0120: An object reference is required for the non-static field, method, or property 'Battleship.GameController._aiSetting'
src\GameController.cs(23,26): (Location of symbol related to previous error)
src\GameController.cs(91,17): error CS0120: An object reference is required for the non-static field, method, or property 'Battleship.GameController._human'
src\GameController.cs(17,24): (Location of symbol related to previous error)
src\GameController.cs(91,37): error CS0120: An object reference is required for the non-static field, method, or property 'Battleship.GameController._theGame'
src\GameController.cs(15,33): (Location of symbol related to previous error)
src\GameController.cs(93,17): error CS0120: An object reference is required for the non-static field, method, or property 'Battleship.GameController._ai'
src\GameController.cs(19,26): (Location of symbol related to previous error)
src\GameController.cs(93,67): error CS0026: Keyword 'this' is not valid in a static property, static method, or static field initializer
src\GameController.cs(94,17): error CS0120: An object reference is required for the non-static field, method, or property 'Battleship.GameController._theGame'
src\GameController.cs(15,33): (Location of symbol related to previous error)
src\GameController.cs(94,69): error CS0026: Keyword 'this' is not valid in a static property, static method, or static field initializer
src\GameController.cs(106,13): error CS0201: Only assignment, call, increment, decrement, await, and new object expressions can be used as a statement
src\GameController.cs(106,13): error CS0120: An object reference is required for the non-static field, method, or property 'Battleship.GameController._ai'
src\GameController.cs(19,26): (Location of symbol related to previous error)
src\GameController.cs(107,37): error CS0026: Keyword 'this' is not valid in a static property, static method, or static field initializer
src\GameController.cs(107,13): error CS0201: Only assignment, call, increment, decrement, await, and new object expressions can be used as a statement
src\GameController.cs(108,13): error CS0201: Only assignment, call, increment, decrement, await, and new object expressions can be used as a statement
src\GameController.cs(108,13): error CS0120: An object reference is required for the non-static field, method, or property 'Battleship.GameController._theGame'
src\GameController.cs(15,33): (Location of symbol related to previous error)
src\GameController.cs(109,37): error CS0026: Keyword 'this' is not valid in a static property, static method, or static field initializer
src\GameController.cs(109,13): error CS0201: Only assignment, call, increment, decrement, await, and new object expressions can be used as a statement
src\GameController.cs(128,17): error CS0103: The name 'AddExplosion' does not exist in the current context
src\GameController.cs(131,35): error CS0103: The name 'GameSound' does not exist in the current context
src\GameController.cs(132,13): error CS0103: The name 'DrawAnimationSequence' does not exist in the current context
src\GameController.cs(139,17): error CS0103: The name 'AddSplash' does not exist in the current context
src\GameController.cs(142,35): error CS0103: The name 'GameSound' does not exist in the current context
src\GameController.cs(143,13): error CS0103: The name 'DrawAnimationSequence' does not exist in the current context
src\GameController.cs(157,24): error CS0120: An object reference is required for the non-static field, method, or property 'Battleship.GameController._theGame'
src\GameController.cs(15,33): (Location of symbol related to previous error)
src\GameController.cs(157,43): error CS0120: An object reference is required for the non-static field, method, or property 'Battleship.GameController.HumanPlayer.get'
src\GameController.cs(41,13): (Location of symbol related to previous error)
src\GameController.cs(160,17): error CS0103: The name 'Message' does not exist in the current context
src\GameController.cs(164,17): error CS0103: The name 'Message' does not exist in the current context
src\GameController.cs(171,43): error CS0103: The name 'GameSound' does not exist in the current context
src\GameController.cs(175,43): error CS0103: The name 'GameSound' does not exist in the current context
src\GameController.cs(176,53): error CS0103: The name 'GameSound' does not exist in the current context
src\GameController.cs(182,25): error CS0120: An object reference is required for the non-static field, method, or property 'Battleship.GameController.HumanPlayer.get'
src\GameController.cs(41,13): (Location of symbol related to previous error)
src\GameController.cs(184,47): error CS0103: The name 'GameSound' does not exist in the current context
src\GameController.cs(188,47): error CS0103: The name 'GameSound' does not exist in the current context
src\GameController.cs(199,43): error CS0103: The name 'GameSound' does not exist in the current context
src\GameController.cs(215,13): error CS0120: An object reference is required for the non-static field, method, or property 'Battleship.GameController._theGame'
src\GameController.cs(15,33): (Location of symbol related to previous error)
src\GameController.cs(215,40): error CS0120: An object reference is required for the non-static field, method, or property 'Battleship.GameController._human'
src\GameController.cs(17,24): (Location of symbol related to previous error)
src\GameController.cs(216,13): error CS0120: An object reference is required for the non-static field, method, or property 'Battleship.GameController._theGame'
src\GameController.cs(15,33): (Location of symbol related to previous error)
src\GameController.cs(216,40): error CS0120: An object reference is required for the non-static field, method, or property 'Battleship.GameController._ai'
src\GameController.cs(19,26): (Location of symbol related to previous error)
src\GameController.cs(231,22): error CS0120: An object reference is required for the non-static field, method, or property 'Battleship.GameController._theGame'
src\GameController.cs(15,33): (Location of symbol related to previous error)
src\GameController.cs(244,22): error CS0120: An object reference is required for the non-static field, method, or property 'Battleship.GameController._theGame'
src\GameController.cs(15,33): (Location of symbol related to previous error)
src\GameController.cs(261,26): error CS0120: An object reference is required for the non-static field, method, or property 'Battleship.GameController._theGame'
src\GameController.cs(15,33): (Location of symbol related to previous error)
src\GameController.cs(261,45): error CS0120: An object reference is required for the non-static field, method, or property 'Battleship.GameController.ComputerPlayer.get'
src\GameController.cs(49,13): (Location of symbol related to previous error)
src\GameController.cs(285,21): error CS0120: An object reference is required for the non-static field, method, or property 'Battleship.GameController.CurrentState.get'
src\GameController.cs(33,13): (Location of symbol related to previous error)
src\GameController.cs(309,13): error CS0103: The name 'UpdateAnimations' does not exist in the current context
src\GameController.cs(320,13): error CS0103: The name 'DrawBackground' does not exist in the current context
src\GameController.cs(321,21): error CS0120: An object reference is required for the non-static field, method, or property 'Battleship.GameController.CurrentState.get'
src\GameController.cs(33,13): (Location of symbol related to previous error)
src\GameController.cs(345,13): error CS0103: The name 'DrawAnimations' does not exist in the current context
src\GameController.cs(356,13): error CS0120: An object reference is required for the non-static field, method, or property 'Battleship.GameController._state'
src\GameController.cs(21,34): (Location of symbol related to previous error)
src\GameController.cs(357,13): error CS0103: The name 'Message' does not exist in the current context
src\GameController.cs(375,13): error CS0120: An object reference is required for the non-static field, method, or property 'Battleship.GameController._state'
src\GameController.cs(21,34): (Location of symbol related to previous error)
src\GameController.cs(384,13): error CS0120: An object reference is required for the non-static field, method, or property 'Battleship.GameController._aiSetting'
src\GameController.cs(23,26): (Location of symbol related to previous error)
src\GameMain.cs(11,13): error CS0103: The name 'SwinGame' does not exist in the current context
src\GameMain.cs(13,13): error CS0103: The name 'LoadResources' does not exist in the current context
src\GameMain.cs(14,13): error CS0103: The name 'SwinGame' does not exist in the current context
src\GameMain.cs(14,32): error CS0103: The name 'GameMusic' does not exist in the current context
src\GameMain.cs(17,18): error CS0103: The name 'SwinGame' does not exist in the current context
src\GameMain.cs(18,29): error CS0103: The name 'CurrentState' does not exist in the current context
src\GameMain.cs(22,17): error CS0103: The name 'HandleUserInput' does not exist in the current context
src\GameMain.cs(23,17): error CS0103: The name 'DrawScreen' does not exist in the current context
src\GameMain.cs(26,13): error CS0103: The name 'SwinGame' does not exist in the current context
src\GameMain.cs(28,13): error CS0103: The name 'FreeResources' does not exist in the current context
src\GameResources.cs(68,20): error CS0103: The name '_Fonts' does not exist in the current context
src\GameResources.cs(78,20): error CS0103: The name '_Images' does not exist in the current context
src\GameResources.cs(88,20): error CS0103: The name '_Sounds' does not exist in the current context
src\GameResources.cs(98,20): error CS0103: The name '_Music' does not exist in the current context
src\GameResources.cs(153,13): error CS0120: An object reference is required for the non-static field, method, or property 'Battleship.GameResources._Background'
src\GameResources.cs(109,24): (Location of symbol related to previous error)
src\GameResources.cs(154,33): error CS0120: An object reference is required for the non-static field, method, or property 'Battleship.GameResources._Background'
src\GameResources.cs(109,24): (Location of symbol related to previous error)
src\GameResources.cs(157,13): error CS0120: An object reference is required for the non-static field, method, or property 'Battleship.GameResources._Animation'
src\GameResources.cs(111,24): (Location of symbol related to previous error)
src\GameResources.cs(158,13): error CS0120: An object reference is required for the non-static field, method, or property 'Battleship.GameResources._LoadingFont'
src\GameResources.cs(117,22): (Location of symbol related to previous error)
src\GameResources.cs(159,13): error CS0120: An object reference is required for the non-static field, method, or property 'Battleship.GameResources._StartSound'
src\GameResources.cs(119,29): (Location of symbol related to previous error)
src\GameResources.cs(160,13): error CS0120: An object reference is required for the non-static field, method, or property 'Battleship.GameResources._LoaderFull'
src\GameResources.cs(113,24): (Location of symbol related to previous error)
src\GameResources.cs(161,13): error CS0120: An object reference is required for the non-static field, method, or property 'Battleship.GameResources._LoaderEmpty'
src\GameResources.cs(115,24): (Location of symbol related to previous error)
src\GameResources.cs(168,35): error CS0120: An object reference is required for the non-static field, method, or property 'Battleship.GameResources._StartSound'
src\GameResources.cs(119,29): (Location of symbol related to previous error)
src\GameResources.cs(174,37): error CS0120: An object reference is required for the non-static field, method, or property 'Battleship.GameResources._Background'
src\GameResources.cs(109,24): (Location of symbol related to previous error)
src\GameResources.cs(195,13): error CS0201: Only assignment, call, increment, decrement, await, and new object expressions can be used as a statement
src\GameResources.cs(196,33): error CS0120: An object reference is required for the non-static field, method, or property 'Battleship.GameResources._LoaderEmpty'
src\GameResources.cs(115,24): (Location of symbol related to previous error)
src\GameResources.cs(197,31): error CS0120: An object reference is required for the non-static field, method, or property 'Battleship.GameResources._LoaderFull'
src\GameResources.cs(113,24): (Location of symbol related to previous error)
src\GameResources.cs(203,77): error CS0120: An object reference is required for the non-static field, method, or property 'Battleship.GameResources._LoadingFont'
src\GameResources.cs(117,22): (Location of symbol related to previous error)
src\GameResources.cs(215,31): error CS0120: An object reference is required for the non-static field, method, or property 'Battleship.GameResources._LoadingFont'
src\GameResources.cs(117,22): (Location of symbol related to previous error)
src\GameResources.cs(216,33): error CS0120: An object reference is required for the non-static field, method, or property 'Battleship.GameResources._Background'
src\GameResources.cs(109,24): (Location of symbol related to previous error)
src\GameResources.cs(217,33): error CS0120: An object reference is required for the non-static field, method, or property 'Battleship.GameResources._Animation'
src\GameResources.cs(111,24): (Location of symbol related to previous error)
src\GameResources.cs(218,33): error CS0120: An object reference is required for the non-static field, method, or property 'Battleship.GameResources._LoaderEmpty'
src\GameResources.cs(115,24): (Location of symbol related to previous error)
src\GameResources.cs(219,33): error CS0120: An object reference is required for the non-static field, method, or property 'Battleship.GameResources._LoaderFull'
src\GameResources.cs(113,24): (Location of symbol related to previous error)
src\GameResources.cs(220,35): error CS0120: An object reference is required for the non-static field, method, or property 'Battleship.GameResources._StartSound'
src\GameResources.cs(119,29): (Location of symbol related to previous error)
src\GameResources.cs(226,13): error CS0120: An object reference is required for the non-static field, method, or property 'Battleship.GameResources._Fonts'
src\GameResources.cs(103,42): (Location of symbol related to previous error)
src\GameResources.cs(231,13): error CS0120: An object reference is required for the non-static field, method, or property 'Battleship.GameResources._Images'
src\GameResources.cs(101,44): (Location of symbol related to previous error)
src\GameResources.cs(236,13): error CS0120: An object reference is required for the non-static field, method, or property 'Battleship.GameResources._Images'
src\GameResources.cs(101,44): (Location of symbol related to previous error)
src\GameResources.cs(246,13): error CS0120: An object reference is required for the non-static field, method, or property 'Battleship.GameResources._Sounds'
src\GameResources.cs(105,49): (Location of symbol related to previous error)
src\GameResources.cs(251,13): error CS0120: An object reference is required for the non-static field, method, or property 'Battleship.GameResources._Music'
src\GameResources.cs(107,43): (Location of symbol related to previous error)
src\GameResources.cs(257,26): error CS0230: Type and identifier are both required in a foreach statement
src\GameResources.cs(267,26): error CS0230: Type and identifier are both required in a foreach statement
src\GameResources.cs(277,26): error CS0230: Type and identifier are both required in a foreach statement
src\GameResources.cs(287,26): error CS0230: Type and identifier are both required in a foreach statement
src\HighScoreController.cs(60,25): error CS0103: The name 'Convert' does not exist in the current context
src\HighScoreController.cs(61,13): error CS0120: An object reference is required for the non-static field, method, or property 'Battleship.HighScoreController._Scores'
src\HighScoreController.cs(50,29): (Location of symbol related to previous error)
src\HighScoreController.cs(69,27): error CS0103: The name 'Convert' does not exist in the current context
src\HighScoreController.cs(70,17): error CS0120: An object reference is required for the non-static field, method, or property 'Battleship.HighScoreController._Scores'
src\HighScoreController.cs(50,29): (Location of symbol related to previous error)
src\HighScoreController.cs(92,30): error CS0120: An object reference is required for the non-static field, method, or property 'Battleship.HighScoreController._Scores'
src\HighScoreController.cs(50,29): (Location of symbol related to previous error)
src\HighScoreController.cs(93,33): error CS0120: An object reference is required for the non-static field, method, or property 'Battleship.HighScoreController._Scores'
src\HighScoreController.cs(50,29): (Location of symbol related to previous error)
src\HighScoreController.cs(109,18): error CS0120: An object reference is required for the non-static field, method, or property 'Battleship.HighScoreController._Scores'
src\HighScoreController.cs(50,29): (Location of symbol related to previous error)
src\HighScoreController.cs(114,65): error CS0103: The name 'GameFont' does not exist in the current context
src\HighScoreController.cs(118,29): error CS0120: An object reference is required for the non-static field, method, or property 'Battleship.HighScoreController._Scores'
src\HighScoreController.cs(50,29): (Location of symbol related to previous error)
src\HighScoreController.cs(121,21): error CS0120: An object reference is required for the non-static field, method, or property 'Battleship.HighScoreController._Scores'
src\HighScoreController.cs(50,29): (Location of symbol related to previous error)
src\HighScoreController.cs(127,85): error CS0103: The name 'GameFont' does not exist in the current context
src\HighScoreController.cs(133,84): error CS0103: The name 'GameFont' does not exist in the current context
src\HighScoreController.cs(148,55): error CS0117: 'SwinGameSDK.KeyCode' does not contain a definition for 'VK_ESCAPE'
src\HighScoreController.cs(148,95): error CS0117: 'SwinGameSDK.KeyCode' does not contain a definition for 'VK_RETURN'
src\HighScoreController.cs(150,17): error CS0103: The name 'EndCurrentState' does not exist in the current context
src\HighScoreController.cs(165,18): error CS0120: An object reference is required for the non-static field, method, or property 'Battleship.HighScoreController._Scores'
src\HighScoreController.cs(50,29): (Location of symbol related to previous error)
src\HighScoreController.cs(171,26): error CS0120: An object reference is required for the non-static field, method, or property 'Battleship.HighScoreController._Scores'
src\HighScoreController.cs(50,29): (Location of symbol related to previous error)
src\HighScoreController.cs(171,40): error CS0120: An object reference is required for the non-static field, method, or property 'Battleship.HighScoreController._Scores'
src\HighScoreController.cs(50,29): (Location of symbol related to previous error)
src\HighScoreController.cs(175,17): error CS0103: The name 'AddNewState' does not exist in the current context
src\HighScoreController.cs(177,55): error CS0103: The name 'GameFont' does not exist in the current context
src\HighScoreController.cs(178,68): error CS0103: The name 'GameFont' does not exist in the current context
src\HighScoreController.cs(183,21): error CS0103: The name 'DrawBackground' does not exist in the current context
src\HighScoreController.cs(185,62): error CS0103: The name 'GameFont' does not exist in the current context
src\HighScoreController.cs(192,52): error CS0030: Cannot convert type 'string' to 'char'
src\HighScoreController.cs(195,17): error CS0120: An object reference is required for the non-static field, method, or property 'Battleship.HighScoreController._Scores'
src\HighScoreController.cs(50,29): (Location of symbol related to previous error)
src\HighScoreController.cs(195,35): error CS0120: An object reference is required for the non-static field, method, or property 'Battleship.HighScoreController._Scores'
src\HighScoreController.cs(50,29): (Location of symbol related to previous error)
src\HighScoreController.cs(196,17): error CS0120: An object reference is required for the non-static field, method, or property 'Battleship.HighScoreController._Scores'
src\HighScoreController.cs(50,29): (Location of symbol related to previous error)
src\HighScoreController.cs(197,17): error CS0120: An object reference is required for the non-static field, method, or property 'Battleship.HighScoreController._Scores'
src\HighScoreController.cs(50,29): (Location of symbol related to previous error)
src\HighScoreController.cs(198,17): error CS0103: The name 'EndCurrentState' does not exist in the current context
src\HighScoreController.cs(37,39): error CS0118: 'Battleship.HighScoreController.Score' is a 'type' but is used like a 'variable'
src\HighScoreController.cs(40,43): error CS0026: Keyword 'this' is not valid in a static property, static method, or static field initializer
src\MenuController.cs(102,43): error CS0117: 'SwinGameSDK.KeyCode' does not contain a definition for 'VK_ESCAPE'
src\MenuController.cs(104,17): error CS0103: The name 'EndCurrentState' does not exist in the current context
src\MenuController.cs(112,33): error CS0120: An object reference is required for the non-static field, method, or property 'Battleship.MenuController._menuStructure'
src\MenuController.cs(12,26): (Location of symbol related to previous error)
src\MenuController.cs(126,21): error CS0103: The name 'EndCurrentState' does not exist in the current context
src\MenuController.cs(197,29): error CS0120: An object reference is required for the non-static field, method, or property 'Battleship.MenuController._menuStructure'
src\MenuController.cs(12,26): (Location of symbol related to previous error)
src\MenuController.cs(207,40): error CS0120: An object reference is required for the non-static field, method, or property 'Battleship.MenuController._menuStructure'
src\MenuController.cs(12,26): (Location of symbol related to previous error)
src\MenuController.cs(207,65): error CS0120: An object reference is required for the non-static field, method, or property 'Battleship.MenuController.MENU_COLOR'
src\MenuController.cs(56,23): (Location of symbol related to previous error)
src\MenuController.cs(207,90): error CS0103: The name 'GameFont' does not exist in the current context
src\MenuController.cs(210,44): error CS0120: An object reference is required for the non-static field, method, or property 'Battleship.MenuController.HIGHLIGHT_COLOR'
src\MenuController.cs(58,23): (Location of symbol related to previous error)
src\MenuController.cs(242,20): error CS0103: The name 'IsMouseInRectangle' does not exist in the current context
src\MenuController.cs(275,21): error CS0103: The name 'StartGame' does not exist in the current context
src\MenuController.cs(278,21): error CS0103: The name 'AddNewState' does not exist in the current context
src\MenuController.cs(281,21): error CS0103: The name 'AddNewState' does not exist in the current context
src\MenuController.cs(284,21): error CS0103: The name 'EndCurrentState' does not exist in the current context
src\MenuController.cs(298,21): error CS0103: The name 'SetDifficulty' does not exist in the current context
src\MenuController.cs(301,21): error CS0103: The name 'SetDifficulty' does not exist in the current context
src\MenuController.cs(304,21): error CS0103: The name 'SetDifficulty' does not exist in the current context
src\MenuController.cs(308,13): error CS0103: The name 'EndCurrentState' does not exist in the current context
src\MenuController.cs(320,21): error CS0103: The name 'EndCurrentState' does not exist in the current context
src\MenuController.cs(323,21): error CS0103: The name 'EndCurrentState' does not exist in the current context
src\MenuController.cs(325,21): error CS0103: The name 'EndCurrentState' does not exist in the current context
src\MenuController.cs(329,21): error CS0103: The name 'AddNewState' does not exist in the current context
src\Model\Player.cs(20,51): error CS0236: A field initializer cannot reference the non-static field, method, or property 'Battleship.Player._Ships'
src\Model\Player.cs(18,44): (Location of symbol related to previous error)
src\Model\Player.cs(109,17): error CS0126: An object of a type convertible to 'bool' is required
src\Model\Player.cs(117,22): error CS0103: The name 'name' does not exist in the current context
src\Model\Player.cs(122,31): error CS1061: 'System.Collections.Generic.Dictionary<Battleship.ShipName,Battleship.Ship>' does not contain a definition for 'Item' and no extension method 'Item' accepting a first argument of type 'System.Collections.Generic.Dictionary<Battleship.ShipName,Battleship.Ship>' could be found (are you missing a using directive or an assembly reference?)
src\Model\Player.cs(122,36): error CS0103: The name 'name' does not exist in the current context
src\Model\Player.cs(171,13): error CS1502: The best overloaded method match for 'System.Collections.Generic.Dictionary<Battleship.ShipName,Battleship.Ship>.ValueCollection.CopyTo(Battleship.Ship[], int)' has some invalid arguments
src\Model\Player.cs(171,34): error CS1503: Argument 1: cannot convert from 'Battleship.Ship[*,*]' to 'Battleship.Ship[]'
src\Model\Player.cs(173,13): error CS1502: The best overloaded method match for 'System.Collections.Generic.List<Battleship.Ship>.AddRange(System.Collections.Generic.IEnumerable<Battleship.Ship>)' has some invalid arguments
src\Model\Player.cs(173,26): error CS1503: Argument 1: cannot convert from 'Battleship.Ship[*,*]' to 'System.Collections.Generic.IEnumerable<Battleship.Ship>'
src\Model\Player.cs(185,13): error CS1502: The best overloaded method match for 'System.Collections.Generic.Dictionary<Battleship.ShipName,Battleship.Ship>.ValueCollection.CopyTo(Battleship.Ship[], int)' has some invalid arguments
src\Model\Player.cs(185,34): error CS1503: Argument 1: cannot convert from 'Battleship.Ship[*,*]' to 'Battleship.Ship[]'
src\Model\Player.cs(187,13): error CS1502: The best overloaded method match for 'System.Collections.Generic.List<Battleship.Ship>.AddRange(System.Collections.Generic.IEnumerable<Battleship.Ship>)' has some invalid arguments
src\Model\Player.cs(187,26): error CS1503: Argument 1: cannot convert from 'Battleship.Ship[*,*]' to 'System.Collections.Generic.IEnumerable<Battleship.Ship>'
src\Model\Player.cs(259,45): error CS0136: A local variable named 'placementSuccessful' cannot be declared in this scope because it would give a different meaning to 'placementSuccessful', which is already used in a 'parent or current' scope to denote something else
src\Model\Player.cs(261,25): error CS0201: Only assignment, call, increment, decrement, await, and new object expressions can be used as a statement
src\Model\AIPlayer.cs(61,103): error CS0103: The name 'SwinGame' does not exist in the current context
src\Model\AIPlayer.cs(76,21): error CS0103: The name 'SwinGame' does not exist in the current context
src\Model\AIPlayer.cs(79,17): error CS0103: The name 'SwinGame' does not exist in the current context
src\Model\AIPlayer.cs(80,17): error CS0103: The name 'SwinGame' does not exist in the current context
src\Model\AIPlayer.cs(81,17): error CS0103: The name 'SwinGame' does not exist in the current context
src\Model\AIHardPlayer.cs(198,29): error CS0021: Cannot apply indexing with [] to an expression of type 'method group'
src\Model\AIHardPlayer.cs(205,25): error CS1502: The best overloaded method match for 'Battleship.AIHardPlayer.SearchCoords(ref int, ref int)' has some invalid arguments
src\Model\AIHardPlayer.cs(205,43): error CS1620: Argument 1 must be passed with the 'ref' keyword
src\Model\AIHardPlayer.cs(205,48): error CS1620: Argument 2 must be passed with the 'ref' keyword
src\Model\AIHardPlayer.cs(209,25): error CS1502: The best overloaded method match for 'Battleship.AIHardPlayer.TargetCoords(ref int, ref int)' has some invalid arguments
src\Model\AIHardPlayer.cs(209,43): error CS1620: Argument 1 must be passed with the 'ref' keyword
src\Model\AIHardPlayer.cs(209,48): error CS1620: Argument 2 must be passed with the 'ref' keyword
src\Model\AIHardPlayer.cs(212,35): error CS0246: The type or namespace name 'ApplicationException' could not be found (are you missing a using directive or an assembly reference?)
src\Model\AIHardPlayer.cs(261,21): error CS0103: The name 'ProcessHit' does not exist in the current context
src\Model\AIHardPlayer.cs(267,31): error CS0246: The type or namespace name 'ApplicationException' could not be found (are you missing a using directive or an assembly reference?)
src\Model\AIHardPlayer.cs(348,21): error CS0029: Cannot implicitly convert type 'Battleship.Location' to 'bool'
src\Model\AIHardPlayer.cs(350,21): error CS0201: Only assignment, call, increment, decrement, await, and new object expressions can be used as a statement
src\Model\AIHardPlayer.cs(350,21): error CS0103: The name 'IsNot' does not exist in the current context
src\Model\AIHardPlayer.cs(351,21): error CS0201: Only assignment, call, increment, decrement, await, and new object expressions can be used as a statement
src\Model\AIHardPlayer.cs(356,37): error CS0136: A local variable named 't' cannot be declared in this scope because it would give a different meaning to 't', which is already used in a 'parent or current' scope to denote something else
src\Model\AIHardPlayer.cs(376,21): error CS0103: The name 'ProcessHit' does not exist in the current context
src\Model\AIHardPlayer.cs(376,39): error CS0103: The name 'row' does not exist in the current context
src\Model\AIHardPlayer.cs(376,53): error CS0103: The name 'col' does not exist in the current context
src\Model\AIHardPlayer.cs(379,21): error CS0103: The name 'AddTarget' does not exist in the current context
src\Model\AIHardPlayer.cs(379,32): error CS0103: The name 'row' does not exist in the current context
src\Model\AIHardPlayer.cs(379,42): error CS0103: The name 'col' does not exist in the current context
src\Model\AIHardPlayer.cs(380,21): error CS0103: The name 'AddTarget' does not exist in the current context
src\Model\AIHardPlayer.cs(380,31): error CS0103: The name 'row' does not exist in the current context
src\Model\AIHardPlayer.cs(380,37): error CS0103: The name 'col' does not exist in the current context
src\Model\AIHardPlayer.cs(381,21): error CS0103: The name 'AddTarget' does not exist in the current context
src\Model\AIHardPlayer.cs(381,32): error CS0103: The name 'row' does not exist in the current context
src\Model\AIHardPlayer.cs(381,42): error CS0103: The name 'col' does not exist in the current context
src\Model\AIHardPlayer.cs(382,21): error CS0103: The name 'AddTarget' does not exist in the current context
src\Model\AIHardPlayer.cs(382,31): error CS0103: The name 'row' does not exist in the current context
src\Model\AIHardPlayer.cs(382,37): error CS0103: The name 'col' does not exist in the current context
src\Model\AIHardPlayer.cs(391,25): error CS0103: The name 'ReOrderTargets' does not exist in the current context
src\Model\AIHardPlayer.cs(400,17): error CS0103: The name 'ReOrderTargets' does not exist in the current context
src\Model\AIHardPlayer.cs(404,21): error CS0103: The name 'MoveToTopOfStack' does not exist in the current context
src\Model\AIHardPlayer.cs(409,21): error CS0103: The name 'MoveToTopOfStack' does not exist in the current context
src\Model\AIHardPlayer.cs(422,17): error CS0103: The name 'MoveToTopOfStack' does not exist in the current context
src\Model\AIHardPlayer.cs(422,41): error CS0103: The name 'row' does not exist in the current context
src\Model\AIHardPlayer.cs(422,55): error CS0103: The name 'column' does not exist in the current context
src\Model\AIHardPlayer.cs(429,49): error CS0103: The name 'row' does not exist in the current context
src\Model\AIHardPlayer.cs(430,62): error CS0103: The name 'column' does not exist in the current context
src\Model\AIHardPlayer.cs(441,33): error CS0136: A local variable named 't' cannot be declared in this scope because it would give a different meaning to 't', which is already used in a 'parent or current' scope to denote something else
src\Model\AIHardPlayer.cs(446,33): error CS0136: A local variable named 't' cannot be declared in this scope because it would give a different meaning to 't', which is already used in a 'parent or current' scope to denote something else
src\Model\AIHardPlayer.cs(456,17): error CS0103: The name 'AddTarget' does not exist in the current context
src\Model\AIHardPlayer.cs(456,34): error CS0103: The name 'row' does not exist in the current context
src\Model\AIHardPlayer.cs(456,48): error CS0103: The name 'column' does not exist in the current context
src\Model\AIHardPlayer.cs(457,23): error CS0103: The name 'row' does not exist in the current context
src\Model\AIHardPlayer.cs(458,34): error CS0103: The name 'column' does not exist in the current context
src\Model\AIHardPlayer.cs(459,34): error CS0103: The name 'row' does not exist in the current context
src\Model\AIHardPlayer.cs(460,34): error CS0103: The name 'column' does not exist in the current context
src\Model\AIHardPlayer.cs(461,48): error CS0103: The name 'row' does not exist in the current context
src\Model\AIHardPlayer.cs(461,53): error CS0103: The name 'column' does not exist in the current context
src\Model\AIHardPlayer.cs(463,59): error CS0103: The name 'row' does not exist in the current context
src\Model\AIHardPlayer.cs(463,64): error CS0103: The name 'column' does not exist in the current context
src\Model\AIHardPlayer.cs(135,21): error CS0126: An object of a type convertible to 'bool' is required
src\Model\AIHardPlayer.cs(143,21): error CS0126: An object of a type convertible to 'bool' is required
src\Model\AIMediumPlayer.cs(49,29): error CS0021: Cannot apply indexing with [] to an expression of type 'method group'
src\Model\AIMediumPlayer.cs(55,25): error CS1502: The best overloaded method match for 'Battleship.AIMediumPlayer.SearchCoords(ref int, ref int)' has some invalid arguments
src\Model\AIMediumPlayer.cs(55,43): error CS1620: Argument 1 must be passed with the 'ref' keyword
src\Model\AIMediumPlayer.cs(55,48): error CS1620: Argument 2 must be passed with the 'ref' keyword
src\Model\AIMediumPlayer.cs(58,25): error CS1502: The best overloaded method match for 'Battleship.AIMediumPlayer.TargetCoords(ref int, ref int)' has some invalid arguments
src\Model\AIMediumPlayer.cs(58,43): error CS1620: Argument 1 must be passed with the 'ref' keyword
src\Model\AIMediumPlayer.cs(58,48): error CS1620: Argument 2 must be passed with the 'ref' keyword
src\Model\AIMediumPlayer.cs(61,35): error CS0246: The type or namespace name 'ApplicationException' could not be found (are you missing a using directive or an assembly reference?)
src\Model\AIMediumPlayer.cs(117,27): error CS0246: The type or namespace name 'ApplicationException' could not be found (are you missing a using directive or an assembly reference?)
src\Model\AIMediumPlayer.cs(133,29): error CS0021: Cannot apply indexing with [] to an expression of type 'method group'
src\Model\BattleShipsGame.cs(35,24): error CS0103: The name '_players' does not exist in the current context
src\Model\BattleShipsGame.cs(41,18): error CS0103: The name '_players' does not exist in the current context
src\Model\BattleShipsGame.cs(43,17): error CS0103: The name '_players' does not exist in the current context
src\Model\BattleShipsGame.cs(45,23): error CS0103: The name '_players' does not exist in the current context
src\Model\BattleShipsGame.cs(47,17): error CS0103: The name '_players' does not exist in the current context
src\Model\BattleShipsGame.cs(52,27): error CS0246: The type or namespace name 'ApplicationException' could not be found (are you missing a using directive or an assembly reference?)
src\Model\BattleShipsGame.cs(63,13): error CS0103: The name '_players' does not exist in the current context
src\Model\BattleShipsGame.cs(63,52): error CS0103: The name '_players' does not exist in the current context
src\Model\BattleShipsGame.cs(64,13): error CS0103: The name '_players' does not exist in the current context
src\Model\BattleShipsGame.cs(64,52): error CS0103: The name '_players' does not exist in the current context
src\Model\BattleShipsGame.cs(81,17): error CS0103: The name '_players' does not exist in the current context
src\Model\SeaGrid.cs(22,47): error CS0236: A field initializer cannot reference the non-static field, method, or property 'Battleship.SeaGrid.Width.get'
src\Model\SeaGrid.cs(38,13): (Location of symbol related to previous error)
src\Model\SeaGrid.cs(22,54): error CS0236: A field initializer cannot reference the non-static field, method, or property 'Battleship.SeaGrid.Height.get'
src\Model\SeaGrid.cs(51,13): (Location of symbol related to previous error)
src\Model\SeaGrid.cs(149,34): error CS0176: Member 'Battleship.Direction.LeftRight' cannot be accessed with an instance reference; qualify it with a type name instead
src\Model\Direction.cs(12,9): (Location of symbol related to previous error)
src\Model\SeaGridAdapter.cs(35,21): error CS1525: Invalid expression term '.'
src\Model\SeaGridAdapter.cs(35,22): error CS1003: Syntax error, ':' expected
src\Model\SeaGridAdapter.cs(47,16): error CS1002: ; expected
src\Model\Ship.cs(95,27): error CS0266: Cannot implicitly convert type 'Battleship.ShipName' to 'int'. An explicit conversion exists (are you missing a cast?)
src\Model\Ship.cs(141,17): error CS0126: An object of a type convertible to 'bool' is required
src\Model\Tile.cs(60,25): error CS0029: Cannot implicitly convert type 'Battleship.Ship' to 'bool'
src\Model\Tile.cs(62,25): error CS0201: Only assignment, call, increment, decrement, await, and new object expressions can be used as a statement
src\Model\Tile.cs(62,25): error CS0103: The name 'IsNot' does not exist in the current context
src\Model\Tile.cs(63,25): error CS0201: Only assignment, call, increment, decrement, await, and new object expressions can be used as a statement
src\Model\Tile.cs(70,31): error CS0246: The type or namespace name 'InvalidOperationException' could not be found (are you missing a using directive or an assembly reference?)
src\Model\Tile.cs(138,21): error CS0029: Cannot implicitly convert type 'Battleship.Ship' to 'bool'
src\Model\Tile.cs(140,21): error CS0201: Only assignment, call, increment, decrement, await, and new object expressions can be used as a statement
src\Model\Tile.cs(140,21): error CS0103: The name 'IsNot' does not exist in the current context
src\Model\Tile.cs(141,21): error CS0201: Only assignment, call, increment, decrement, await, and new object expressions can be used as a statement
src\Model\Tile.cs(148,27): error CS0246: The type or namespace name 'ApplicationException' could not be found (are you missing a using directive or an assembly reference?)
src\UtilityFunctions.cs(153,29): error CS0021: Cannot apply indexing with [] to an expression of type 'method group'
src\UtilityFunctions.cs(198,52): error CS0120: An object reference is required for the non-static field, method, or property 'Battleship.UtilityFunctions.OUTLINE_COLOR'
src\UtilityFunctions.cs(49,23): (Location of symbol related to previous error)
src\UtilityFunctions.cs(255,41): error CS0103: The name 'GameImage' does not exist in the current context
src\UtilityFunctions.cs(259,44): error CS0120: An object reference is required for the non-static field, method, or property 'Battleship.UtilityFunctions.SHIP_FILL_COLOR'
src\UtilityFunctions.cs(51,23): (Location of symbol related to previous error)
src\UtilityFunctions.cs(260,44): error CS0120: An object reference is required for the non-static field, method, or property 'Battleship.UtilityFunctions.SHIP_OUTLINE_COLOR'
src\UtilityFunctions.cs(53,23): (Location of symbol related to previous error)
src\UtilityFunctions.cs(288,31): error CS0120: An object reference is required for the non-static field, method, or property 'Battleship.UtilityFunctions.Message.get'
src\UtilityFunctions.cs(276,13): (Location of symbol related to previous error)
src\UtilityFunctions.cs(288,40): error CS0120: An object reference is required for the non-static field, method, or property 'Battleship.UtilityFunctions.MESSAGE_COLOR'
src\UtilityFunctions.cs(55,23): (Location of symbol related to previous error)
src\UtilityFunctions.cs(288,55): error CS0103: The name 'GameFont' does not exist in the current context
src\UtilityFunctions.cs(296,21): error CS0103: The name 'CurrentState' does not exist in the current context
src\UtilityFunctions.cs(332,22): error CS0426: The type name 'Sprite' does not exist in the type 'SwinGameSDK.SwinGame'
src\UtilityFunctions.cs(334,22): error CS0103: The name 'GameImage' does not exist in the current context
src\UtilityFunctions.cs(346,13): error CS0120: An object reference is required for the non-static field, method, or property 'Battleship.UtilityFunctions._Animations'
src\UtilityFunctions.cs(328,30): (Location of symbol related to previous error)
src\UtilityFunctions.cs(352,34): error CS0120: An object reference is required for the non-static field, method, or property 'Battleship.UtilityFunctions._Animations'
src\UtilityFunctions.cs(328,30): (Location of symbol related to previous error)
src\UtilityFunctions.cs(364,17): error CS0120: An object reference is required for the non-static field, method, or property 'Battleship.UtilityFunctions._Animations'
src\UtilityFunctions.cs(328,30): (Location of symbol related to previous error)
src\UtilityFunctions.cs(372,34): error CS0120: An object reference is required for the non-static field, method, or property 'Battleship.UtilityFunctions._Animations'
src\UtilityFunctions.cs(328,30): (Location of symbol related to previous error)
src\UtilityFunctions.cs(386,17): error CS0103: The name 'DrawScreen' does not exist in the current context
src\UtilityFunctions.cs(35,45): error CS0117: 'SwinGameSDK.SwinGame' does not contain a definition for 'Color'
src\UtilityFunctions.cs(43,45): error CS0117: 'SwinGameSDK.SwinGame' does not contain a definition for 'Color'
src\UtilityFunctions.cs(51,50): error CS0117: 'SwinGameSDK.SwinGame' does not contain a definition for 'Color'
src\UtilityFunctions.cs(53,53): error CS0117: 'SwinGameSDK.SwinGame' does not contain a definition for 'Color'
src\UtilityFunctions.cs(328,62): error CS0426: The type name 'Sprite' does not exist in the type 'SwinGameSDK.SwinGame'
src\UtilityFunctions.cs(328,44): error CS0029: Cannot implicitly convert type 'System.Collections.Generic.List<SwinGameSDK.SwinGame.Sprite>' to 'System.Collections.Generic.List<SwinGameSDK.Sprite>'
